<?xml version="1.0" encoding="UTF-8"?>
<!-- Generated by org.testng.reporters.JUnitReportReporter -->
<testsuite skipped="0" hostname="DESKTOP-EO11GR2" name="testng_Framework.TestSuite.Test_Branches" tests="1" failures="0" timestamp="09 Jan 2021 07:08:44 GMT" time="5.282" errors="0">
  <testcase name="Tc001_Admin_login_Invalid_Password" time="5.282" classname="testng_Framework.TestSuite.Test_Branches"/>
</testsuite> <!-- testng_Framework.TestSuite.Test_Branches -->
