<?xml version="1.0" encoding="UTF-8"?>
<!-- Generated by org.testng.reporters.JUnitReportReporter -->
<testsuite skipped="0" hostname="DESKTOP-EO11GR2" name="web_tests.Test_Branches" tests="10" failures="0" timestamp="08 Jan 2021 11:11:02 GMT" time="77.741" errors="0">
  <testcase name="Tc001_Admin_login_Invalid_Password" time="6.874" classname="web_tests.Test_Branches"/>
  <testcase name="Tc001_Admin_login_Invalid_Username" time="4.241" classname="web_tests.Test_Branches"/>
  <testcase name="Tc001_Admin_login" time="3.718" classname="web_tests.Test_Branches"/>
  <testcase name="Tc002_Admin_login_Invalid_Username" time="9.607" classname="web_tests.Test_Branches"/>
  <testcase name="Tc002_Admin_login_valid_username" time="9.045" classname="web_tests.Test_Branches"/>
  <testcase name="Tc002_admin_login_valid_password" time="8.498" classname="web_tests.Test_Branches"/>
  <testcase name="Tc002_Admin_login" time="8.712" classname="web_tests.Test_Branches"/>
  <testcase name="Tc003_Admin_login_valid_username" time="9.307" classname="web_tests.Test_Branches"/>
  <testcase name="Tc003_admin_login_valid_password" time="9.200" classname="web_tests.Test_Branches"/>
  <testcase name="Tc003_admin_login" time="8.539" classname="web_tests.Test_Branches"/>
</testsuite> <!-- web_tests.Test_Branches -->
