<?xml version="1.0" encoding="UTF-8"?>
<!-- Generated by org.testng.reporters.JUnitReportReporter -->
<testsuite skipped="0" hostname="DESKTOP-EO11GR2" name="testng_Framework.TestSuite.Test_Updations" tests="6" failures="0" timestamp="09 Jan 2021 07:08:44 GMT" time="65.408" errors="0">
  <testcase name="Click_On_BranchEdit_Button" time="13.781" classname="testng_Framework.TestSuite.Test_Updations"/>
  <testcase name="Click_On_EmployeeUpdate_Button" time="14.931" classname="testng_Framework.TestSuite.Test_Updations"/>
  <testcase name="Click_On_UsersDelete_Button" time="7.502" classname="testng_Framework.TestSuite.Test_Updations"/>
  <testcase name="Click_On_RolesDelete_Button" time="7.353" classname="testng_Framework.TestSuite.Test_Updations"/>
  <testcase name="Click_On_RolesUpdate_Button" time="10.095" classname="testng_Framework.TestSuite.Test_Updations"/>
  <testcase name="Click_On_BranchDelete_Button" time="11.746" classname="testng_Framework.TestSuite.Test_Updations"/>
</testsuite> <!-- testng_Framework.TestSuite.Test_Updations -->
