<?xml version="1.0" encoding="UTF-8"?>
<!-- Generated by org.testng.reporters.JUnitReportReporter -->
<testsuite skipped="0" hostname="DESKTOP-EO11GR2" name="web_tests.Test_Branches" tests="10" failures="0" timestamp="23 Nov 2020 10:02:13 GMT" time="72.967" errors="0">
  <testcase name="Tc001_Admin_login_Invalid_Password" time="6.755" classname="web_tests.Test_Branches"/>
  <testcase name="Tc001_Admin_login_Invalid_Username" time="3.607" classname="web_tests.Test_Branches"/>
  <testcase name="Tc001_Admin_login" time="4.368" classname="web_tests.Test_Branches"/>
  <testcase name="Tc002_Admin_login_Invalid_Username" time="8.204" classname="web_tests.Test_Branches"/>
  <testcase name="Tc002_Admin_login_valid_username" time="8.316" classname="web_tests.Test_Branches"/>
  <testcase name="Tc002_admin_login_valid_password" time="8.445" classname="web_tests.Test_Branches"/>
  <testcase name="Tc002_Admin_login" time="8.031" classname="web_tests.Test_Branches"/>
  <testcase name="Tc003_Admin_login_valid_username" time="8.507" classname="web_tests.Test_Branches"/>
  <testcase name="Tc003_admin_login_valid_password" time="8.566" classname="web_tests.Test_Branches"/>
  <testcase name="Tc003_admin_login" time="8.168" classname="web_tests.Test_Branches"/>
</testsuite> <!-- web_tests.Test_Branches -->
