<?xml version="1.0" encoding="UTF-8"?>
<!-- Generated by org.testng.reporters.JUnitReportReporter -->
<testsuite skipped="0" hostname="DESKTOP-EO11GR2" name="testng_Framework.TestSuite.Test_Branches2" tests="1" failures="0" timestamp="09 Jan 2021 07:08:44 GMT" time="15.971" errors="0">
  <testcase name="Tc004_Click_New_Branch_Button" time="15.971" classname="testng_Framework.TestSuite.Test_Branches2"/>
</testsuite> <!-- testng_Framework.TestSuite.Test_Branches2 -->
