<?xml version="1.0" encoding="UTF-8"?>
<!-- Generated by org.testng.reporters.JUnitReportReporter -->
<testsuite skipped="0" hostname="DESKTOP-EO11GR2" name="bankers_testcases.Run_Banker_Testcase" tests="6" failures="0" timestamp="04 Dec 2020 10:15:47 GMT" time="47.919" errors="0">
  <testcase name="banker_login" time="6.772" classname="bankers_testcases.Run_Banker_Testcase"/>
  <testcase name="Receipts_DD_Deposit_using_Valid_AccoutNumber" time="6.464" classname="bankers_testcases.Run_Banker_Testcase"/>
  <testcase name="Receipts_DD_Deposit_using_InValid_AccoutNumber" time="5.697" classname="bankers_testcases.Run_Banker_Testcase"/>
  <testcase name="Receipts_DD_Deposit_verify_creditcard_info_is_present" time="5.330" classname="bankers_testcases.Run_Banker_Testcase"/>
  <testcase name="Receipts_Cheque_Deposit_verify_creditcard_info_is_present" time="6.042" classname="bankers_testcases.Run_Banker_Testcase"/>
  <testcase name="Receipts_Cash_Deposite_verify_creditcard_info_is_present" time="17.614" classname="bankers_testcases.Run_Banker_Testcase"/>
</testsuite> <!-- bankers_testcases.Run_Banker_Testcase -->
