<?xml version="1.0" encoding="UTF-8"?>
<!-- Generated by org.testng.reporters.JUnitReportReporter -->
<testsuite skipped="0" hostname="DESKTOP-EO11GR2" name="testng_Framework.TestSuite.Run_Banker_Testcase" tests="1" failures="0" timestamp="09 Jan 2021 07:08:44 GMT" time="6.974" errors="0">
  <testcase name="banker_login" time="6.974" classname="testng_Framework.TestSuite.Run_Banker_Testcase"/>
</testsuite> <!-- testng_Framework.TestSuite.Run_Banker_Testcase -->
