<?xml version="1.0" encoding="UTF-8"?>
<!-- Generated by org.testng.reporters.JUnitReportReporter -->
<testsuite skipped="0" hostname="DESKTOP-EO11GR2" name="web_tests.Test_Updations" tests="6" failures="0" timestamp="09 Jan 2021 06:11:26 GMT" time="68.391" errors="0">
  <testcase name="Click_On_RolesUpdate_Button" time="10.296" classname="web_tests.Test_Updations"/>
  <testcase name="Click_On_RolesDelete_Button" time="7.222" classname="web_tests.Test_Updations"/>
  <testcase name="Click_On_BranchDelete_Button" time="14.174" classname="web_tests.Test_Updations"/>
  <testcase name="Click_On_BranchEdit_Button" time="14.243" classname="web_tests.Test_Updations"/>
  <testcase name="Click_On_UsersDelete_Button" time="6.972" classname="web_tests.Test_Updations"/>
  <testcase name="Click_On_EmployeeUpdate_Button" time="15.484" classname="web_tests.Test_Updations"/>
</testsuite> <!-- web_tests.Test_Updations -->
