<?xml version="1.0" encoding="UTF-8"?>
<!-- Generated by org.testng.reporters.JUnitReportReporter -->
<testsuite skipped="0" hostname="DESKTOP-EO11GR2" name="testng_Framework.TestSuite.Run_DD_Admin_Tests" tests="1" failures="0" timestamp="09 Jan 2021 07:08:44 GMT" time="18.914" errors="0">
  <testcase name="Create_A_Branch" time="18.914" classname="testng_Framework.TestSuite.Run_DD_Admin_Tests"/>
</testsuite> <!-- testng_Framework.TestSuite.Run_DD_Admin_Tests -->
