<?xml version="1.0" encoding="UTF-8"?>
<!-- Generated by org.testng.reporters.JUnitReportReporter -->
<testsuite skipped="0" hostname="DESKTOP-EO11GR2" name="web_tests.Run_DD_Admin_Tests" tests="1" failures="0" timestamp="09 Jan 2021 06:28:11 GMT" time="13.511" errors="0">
  <testcase name="Create_A_Branch" time="13.511" classname="web_tests.Run_DD_Admin_Tests"/>
</testsuite> <!-- web_tests.Run_DD_Admin_Tests -->
