<?xml version="1.0" encoding="UTF-8"?>
<!-- Generated by org.testng.reporters.JUnitReportReporter -->
<testsuite skipped="0" hostname="DESKTOP-EO11GR2" name="bankers_testcases.Run_Banker_Testcase2" tests="7" failures="0" timestamp="08 Dec 2020 10:06:26 GMT" time="46.644" errors="0">
  <testcase name="banker_login" time="6.278" classname="bankers_testcases.Run_Banker_Testcase2"/>
  <testcase name="Receipts_verify_DDDeposit" time="6.551" classname="bankers_testcases.Run_Banker_Testcase2"/>
  <testcase name="Receipts_verify_CashDeposit" time="6.608" classname="bankers_testcases.Run_Banker_Testcase2"/>
  <testcase name="Receipts_verify_ChequeDeposit" time="7.211" classname="bankers_testcases.Run_Banker_Testcase2"/>
  <testcase name="Payments_DD_Withdraw" time="6.347" classname="bankers_testcases.Run_Banker_Testcase2"/>
  <testcase name="Payments_Cash_Withdraw" time="6.828" classname="bankers_testcases.Run_Banker_Testcase2"/>
  <testcase name="Payments_Cheque_Withdraw" time="6.821" classname="bankers_testcases.Run_Banker_Testcase2"/>
</testsuite> <!-- bankers_testcases.Run_Banker_Testcase2 -->
