<?xml version="1.0" encoding="UTF-8"?>
<!-- Generated by org.testng.reporters.JUnitReportReporter -->
<testsuite skipped="0" hostname="DESKTOP-EO11GR2" name="web_tests.Test_Branches2" tests="8" failures="0" timestamp="08 Jan 2021 11:18:23 GMT" time="52.569" errors="0">
  <testcase name="Tc004_Click_New_Branch_Button" time="16.917" classname="web_tests.Test_Branches2"/>
  <testcase name="Tc004_Enter_Valid_Branch_Details" time="5.709" classname="web_tests.Test_Branches2"/>
  <testcase name="Tc005_Click_New_Branch_Button" time="2.841" classname="web_tests.Test_Branches2"/>
  <testcase name="TC005_Admin_Enter_Branch_Name_With_Less_Characters" time="5.767" classname="web_tests.Test_Branches2"/>
  <testcase name="Tc006_Click_New_Branch_Button" time="5.706" classname="web_tests.Test_Branches2"/>
  <testcase name="Tcoo6_Leave_all_Mandatory_Fields_and_Click_On_Submit_Button" time="7.002" classname="web_tests.Test_Branches2"/>
  <testcase name="TCoo7_Click_New_Role_Button" time="5.022" classname="web_tests.Test_Branches2"/>
  <testcase name="Tc007_Enter_Valid_Role_Details_and_Click_on_Submit_Button" time="3.605" classname="web_tests.Test_Branches2"/>
</testsuite> <!-- web_tests.Test_Branches2 -->
